<?xml version="1.0" encoding="UTF-8"?>
<!-- Generated by org.testng.reporters.JUnitReportReporter -->
<testsuite skipped="0" hostname="cal15231" name="com.Automation.Testcases.Scenario3ofdocumentrunnumpbitest" tests="1" failures="0" timestamp="17 May 2022 14:31:07 GMT" time="740.659" errors="0">
  <testcase name="Newvesiondoctypeflow" time="740.659" classname="com.Automation.Testcases.Scenario3ofdocumentrunnumpbitest"/>
</testsuite> <!-- com.Automation.Testcases.Scenario3ofdocumentrunnumpbitest -->
