<?xml version="1.0" encoding="UTF-8"?>
<!-- Generated by org.testng.reporters.JUnitReportReporter -->
<testsuite hostname="cal4013" name="com.Automation.Testcases.UserGroups" tests="4" failures="0" timestamp="30 Jun 2021 04:19:00 GMT" time="226.175" errors="0">
  <testcase name="jobResponsbilityRegistration" time="115.964" classname="com.Automation.Testcases.UserGroups"/>
  <testcase name="SubGroupAssignReg" time="46.214" classname="com.Automation.Testcases.UserGroups"/>
  <testcase name="SubgroupRegistration" time="41.289" classname="com.Automation.Testcases.UserGroups"/>
  <testcase name="GroupRegistration" time="22.708" classname="com.Automation.Testcases.UserGroups"/>
</testsuite> <!-- com.Automation.Testcases.UserGroups -->
