<?xml version="1.0" encoding="UTF-8"?>
<!-- Generated by org.testng.reporters.JUnitReportReporter -->
<testsuite skipped="0" hostname="cal15231" name="com.Automation.Testcases.Setsecuritytest" tests="1" failures="0" timestamp="12 Apr 2022 06:19:02 GMT" time="17.646" errors="0">
  <testcase name="SSOSetsecurityprofile" time="17.646" classname="com.Automation.Testcases.Setsecuritytest"/>
</testsuite> <!-- com.Automation.Testcases.Setsecuritytest -->
