<?xml version="1.0" encoding="UTF-8"?>
<!-- Generated by org.testng.reporters.JUnitReportReporter -->
<testsuite skipped="1" hostname="cal15231" name="com.Automation.Testcases.Scenario4documentversiontest" tests="1" failures="0" timestamp="19 May 2022 10:29:40 GMT" time="0.000" errors="0">
  <testcase name="Newvesiondoctypeflowmodification" time="0.000" classname="com.Automation.Testcases.Scenario4documentversiontest">
    <skipped/>
  </testcase> <!-- Newvesiondoctypeflowmodification -->
</testsuite> <!-- com.Automation.Testcases.Scenario4documentversiontest -->
