<?xml version="1.0" encoding="UTF-8"?>
<!-- Generated by org.testng.reporters.JUnitReportReporter -->
<testsuite skipped="0" hostname="DESKTOP-I9J8FTE" name="com.selenium.automation.Automation_Framework.testcases.VerifyZipCode" tests="1" failures="0" timestamp="2021-04-29T22:54:53 CDT" time="31.696" errors="0">
  <testcase name="verifyZipCode" time="31.696" classname="com.selenium.automation.Automation_Framework.testcases.VerifyZipCode"/>
  <system-out/>
</testsuite> <!-- com.selenium.automation.Automation_Framework.testcases.VerifyZipCode -->
