<?xml version="1.0" encoding="UTF-8"?>
<!-- Generated by org.testng.reporters.JUnitReportReporter -->
<testsuite skipped="0" hostname="cal15231" name="com.Automation.Testcases.SSO_Logintest" tests="1" failures="0" timestamp="12 Jan 2022 15:19:05 GMT" time="66.029" errors="0">
  <testcase name="ssodmsLogin" time="66.029" classname="com.Automation.Testcases.SSO_Logintest"/>
</testsuite> <!-- com.Automation.Testcases.SSO_Logintest -->
