<?xml version="1.0" encoding="UTF-8"?>
<!-- Generated by org.testng.reporters.JUnitReportReporter -->
<testsuite hostname="cal4013" name="com.Automation.Testcases.CouSessOffline_TC01_Withexam" tests="1" failures="0" timestamp="27 Jul 2021 04:54:52 GMT" time="167.374" errors="0">
  <testcase name="CourseSessionofflineInternalClassAllcombinations_Yes" time="167.374" classname="com.Automation.Testcases.CouSessOffline_TC01_Withexam"/>
</testsuite> <!-- com.Automation.Testcases.CouSessOffline_TC01_Withexam -->
