<?xml version="1.0" encoding="UTF-8"?>
<!-- Generated by org.testng.reporters.JUnitReportReporter -->
<testsuite hostname="cal4013" name="com.Automation.Testcases.VerifyLoginFunctionality" tests="1" failures="0" timestamp="15 May 2021 04:25:42 GMT" time="51.688" errors="0">
  <testcase name="verifyLoginFunctionality" time="51.688" classname="com.Automation.Testcases.VerifyLoginFunctionality"/>
</testsuite> <!-- com.Automation.Testcases.VerifyLoginFunctionality -->
