<?xml version="1.0" encoding="UTF-8"?>
<!-- Generated by org.testng.reporters.JUnitReportReporter -->
<testsuite skipped="0" hostname="cal15231" name="com.Automation.Testcases.SSO_DMS_creatingnewpasstest" tests="10" failures="0" timestamp="19 Jan 2022 10:22:18 GMT" time="841.516" errors="0">
  <testcase name="ssoroleregistration" time="59.784" classname="com.Automation.Testcases.SSO_DMS_creatingnewpasstest"/>
  <testcase name="ssoglobalprofile" time="66.952" classname="com.Automation.Testcases.SSO_DMS_creatingnewpasstest"/>
  <testcase name="ssodesignation" time="62.281" classname="com.Automation.Testcases.SSO_DMS_creatingnewpasstest"/>
  <testcase name="ssouserregistration" time="78.105" classname="com.Automation.Testcases.SSO_DMS_creatingnewpasstest"/>
  <testcase name="ssoroleassignment" time="72.437" classname="com.Automation.Testcases.SSO_DMS_creatingnewpasstest"/>
  <testcase name="ssoLoginwithtemppwdandcreatnewpwd" time="137.970" classname="com.Automation.Testcases.SSO_DMS_creatingnewpasstest"/>
  <testcase name="ssodmsplantregistration" time="105.909" classname="com.Automation.Testcases.SSO_DMS_creatingnewpasstest"/>
  <testcase name="ssodmsplantorproductmoduleassignment" time="75.105" classname="com.Automation.Testcases.SSO_DMS_creatingnewpasstest"/>
  <testcase name="ssouserproductmoduleassignment" time="87.344" classname="com.Automation.Testcases.SSO_DMS_creatingnewpasstest"/>
  <testcase name="SSOSetsecurityprofile" time="95.629" classname="com.Automation.Testcases.SSO_DMS_creatingnewpasstest"/>
</testsuite> <!-- com.Automation.Testcases.SSO_DMS_creatingnewpasstest -->
