<?xml version="1.0" encoding="UTF-8"?>
<!-- Generated by org.testng.reporters.JUnitReportReporter -->
<testsuite hostname="cal4013" name="com.Automation.Testcases.CouSessOnline_Exam_FB_ToBeRetrained_TC02" tests="17" failures="0" timestamp="20 Jul 2021 10:51:48 GMT" time="1399.440" errors="0">
  <testcase name="RecordAttendanceReg" time="33.100" classname="com.Automation.Testcases.CouSessOnline_Exam_FB_ToBeRetrained_TC02"/>
  <testcase name="Plant_Assign" time="79.807" classname="com.Automation.Testcases.CouSessOnline_Exam_FB_ToBeRetrained_TC02"/>
  <testcase name="CourseManagerInitiate_Course" time="107.050" classname="com.Automation.Testcases.CouSessOnline_Exam_FB_ToBeRetrained_TC02"/>
  <testcase name="CourseSessiononlineInternalClassAllcombinations_Yes" time="145.930" classname="com.Automation.Testcases.CouSessOnline_Exam_FB_ToBeRetrained_TC02"/>
  <testcase name="SubgroupRegistration" time="63.432" classname="com.Automation.Testcases.CouSessOnline_Exam_FB_ToBeRetrained_TC02"/>
  <testcase name="CourseManagerInitiate_Topic" time="114.313" classname="com.Automation.Testcases.CouSessOnline_Exam_FB_ToBeRetrained_TC02"/>
  <testcase name="jobResponsbilityRegistration" time="119.938" classname="com.Automation.Testcases.CouSessOnline_Exam_FB_ToBeRetrained_TC02"/>
  <testcase name="Respond_FeedBack" time="15.338" classname="com.Automation.Testcases.CouSessOnline_Exam_FB_ToBeRetrained_TC02"/>
  <testcase name="DepReg" time="79.893" classname="com.Automation.Testcases.CouSessOnline_Exam_FB_ToBeRetrained_TC02"/>
  <testcase name="GroupRegistration" time="59.543" classname="com.Automation.Testcases.CouSessOnline_Exam_FB_ToBeRetrained_TC02"/>
  <testcase name="SubGroupAssignReg" time="91.135" classname="com.Automation.Testcases.CouSessOnline_Exam_FB_ToBeRetrained_TC02"/>
  <testcase name="DocumentReg" time="106.072" classname="com.Automation.Testcases.CouSessOnline_Exam_FB_ToBeRetrained_TC02"/>
  <testcase name="PrepareQBQ2" time="144.006" classname="com.Automation.Testcases.CouSessOnline_Exam_FB_ToBeRetrained_TC02"/>
  <testcase name="PrepareQp_Manual" time="42.933" classname="com.Automation.Testcases.CouSessOnline_Exam_FB_ToBeRetrained_TC02"/>
  <testcase name="Respond_Questionpaper" time="52.263" classname="com.Automation.Testcases.CouSessOnline_Exam_FB_ToBeRetrained_TC02"/>
  <testcase name="BatchFormation" time="56.536" classname="com.Automation.Testcases.CouSessOnline_Exam_FB_ToBeRetrained_TC02"/>
  <testcase name="TrainerReg" time="88.151" classname="com.Automation.Testcases.CouSessOnline_Exam_FB_ToBeRetrained_TC02"/>
</testsuite> <!-- com.Automation.Testcases.CouSessOnline_Exam_FB_ToBeRetrained_TC02 -->
