<?xml version="1.0" encoding="UTF-8"?>
<!-- Generated by org.testng.reporters.JUnitReportReporter -->
<testsuite skipped="0" hostname="cal15231" name="com.Automation.Testcases.Revieworapproalworkflow" tests="1" failures="0" timestamp="21 Feb 2022 05:14:57 GMT" time="175.761" errors="0">
  <testcase name="Revieworapproalworkflowofconfig" time="175.761" classname="com.Automation.Testcases.Revieworapproalworkflow"/>
</testsuite> <!-- com.Automation.Testcases.Revieworapproalworkflow -->
