<?xml version="1.0" encoding="UTF-8"?>
<!-- Generated by org.testng.reporters.JUnitReportReporter -->
<testsuite skipped="0" hostname="cal15231" name="com.Automation.Testcases.Scenario1to4" tests="4" failures="0" timestamp="07 Feb 2022 04:53:09 GMT" time="1211.256" errors="0">
  <testcase name="Scenariooneofsysman" time="462.399" classname="com.Automation.Testcases.Scenario1to4"/>
  <testcase name="Scenariotwoofsysman" time="274.286" classname="com.Automation.Testcases.Scenario1to4"/>
  <testcase name="Scenariothreeofsysman" time="246.939" classname="com.Automation.Testcases.Scenario1to4"/>
  <testcase name="Scenariofourofsysman" time="227.632" classname="com.Automation.Testcases.Scenario1to4"/>
</testsuite> <!-- com.Automation.Testcases.Scenario1to4 -->
