<?xml version="1.0" encoding="UTF-8"?>
<!-- Generated by org.testng.reporters.JUnitReportReporter -->
<testsuite skipped="0" hostname="cal15231" name="com.Automation.Testcases.Scenarios1to4ofdocumentversionnumtest" tests="4" failures="0" timestamp="20 Apr 2022 09:37:51 GMT" time="575.531" errors="0">
  <testcase name="REG_RET_REIN_APR" time="144.355" classname="com.Automation.Testcases.Scenarios1to4ofdocumentversionnumtest"/>
  <testcase name="REG_RET_REIN_APR_Modification" time="144.103" classname="com.Automation.Testcases.Scenarios1to4ofdocumentversionnumtest"/>
  <testcase name="Newvesiondoctypeflow" time="143.534" classname="com.Automation.Testcases.Scenarios1to4ofdocumentversionnumtest"/>
  <testcase name="Newvesiondoctypeflowmodification" time="143.539" classname="com.Automation.Testcases.Scenarios1to4ofdocumentversionnumtest"/>
</testsuite> <!-- com.Automation.Testcases.Scenarios1to4ofdocumentversionnumtest -->
