<?xml version="1.0" encoding="UTF-8"?>
<!-- Generated by org.testng.reporters.JUnitReportReporter -->
<testsuite hostname="cal4013" name="com.Automation.Testcases.CouSessOnline_Exam_CourseInvitation_TC07" tests="9" failures="0" timestamp="23 Jul 2021 09:41:15 GMT" time="718.444" errors="0">
  <testcase name="CourseSessiononlineInternalClassAllcombinations_Yes" time="150.473" classname="com.Automation.Testcases.CouSessOnline_Exam_CourseInvitation_TC07"/>
  <testcase name="RecordAttendanceReg" time="40.817" classname="com.Automation.Testcases.CouSessOnline_Exam_CourseInvitation_TC07"/>
  <testcase name="PrepareMQA" time="99.700" classname="com.Automation.Testcases.CouSessOnline_Exam_CourseInvitation_TC07"/>
  <testcase name="Course_Invitation" time="33.015" classname="com.Automation.Testcases.CouSessOnline_Exam_CourseInvitation_TC07"/>
  <testcase name="PrepareQp_Manual" time="44.148" classname="com.Automation.Testcases.CouSessOnline_Exam_CourseInvitation_TC07"/>
  <testcase name="CourseManagerInitiate_Topic" time="107.321" classname="com.Automation.Testcases.CouSessOnline_Exam_CourseInvitation_TC07"/>
  <testcase name="TrainerReg" time="88.964" classname="com.Automation.Testcases.CouSessOnline_Exam_CourseInvitation_TC07"/>
  <testcase name="CourseManagerInitiate_Course" time="107.282" classname="com.Automation.Testcases.CouSessOnline_Exam_CourseInvitation_TC07"/>
  <testcase name="BatchFormation" time="46.724" classname="com.Automation.Testcases.CouSessOnline_Exam_CourseInvitation_TC07"/>
</testsuite> <!-- com.Automation.Testcases.CouSessOnline_Exam_CourseInvitation_TC07 -->
