<?xml version="1.0" encoding="UTF-8"?>
<!-- Generated by org.testng.reporters.JUnitReportReporter -->
<testsuite skipped="0" hostname="cal15231" name="com.Automation.Testcases.Documentversionnumscenario2test" tests="1" failures="0" timestamp="04 Apr 2022 19:36:14 GMT" time="2262.319" errors="0">
  <testcase name="REG_RET_REIN_APR_Modification" time="2262.319" classname="com.Automation.Testcases.Documentversionnumscenario2test"/>
</testsuite> <!-- com.Automation.Testcases.Documentversionnumscenario2test -->
