<?xml version="1.0" encoding="UTF-8"?>
<!-- Generated by org.testng.reporters.JUnitReportReporter -->
<testsuite hostname="DESKTOP-I9J8FTE" failures="0" tests="1" name="com.selenium.automation.Automation_Framework.testcases.ArchiveNewSite" time="14.017" errors="0" timestamp="2021-04-21T19:54:34 CDT" skipped="0">
  <testcase classname="com.selenium.automation.Automation_Framework.testcases.ArchiveNewSite" name="archiveNewSite" time="14.017"/>
  <system-out/>
</testsuite> <!-- com.selenium.automation.Automation_Framework.testcases.ArchiveNewSite -->
