<?xml version="1.0" encoding="UTF-8"?>
<!-- Generated by org.testng.reporters.JUnitReportReporter -->
<testsuite hostname="cal26017" failures="0" tests="1" name="com.Automation.Testcases.WTFauditTrailsTest" time="42.930" errors="0" timestamp="2022-12-08T16:58:38 IST" skipped="0">
  <testcase classname="com.Automation.Testcases.WTFauditTrailsTest" name="WtfauditTrails" time="42.930"/>
  <system-out/>
</testsuite> <!-- com.Automation.Testcases.WTFauditTrailsTest -->
