<?xml version="1.0" encoding="UTF-8"?>
<!-- Generated by org.testng.reporters.JUnitReportReporter -->
<testsuite skipped="0" hostname="cal15231" name="com.Automation.Testcases.Scenario4ofdocumentrunningnumpbitest" tests="1" failures="0" timestamp="20 May 2022 19:46:06 GMT" time="1386.978" errors="0">
  <testcase name="Newvesiondoctypeflow" time="1386.978" classname="com.Automation.Testcases.Scenario4ofdocumentrunningnumpbitest"/>
</testsuite> <!-- com.Automation.Testcases.Scenario4ofdocumentrunningnumpbitest -->
