<?xml version="1.0" encoding="UTF-8"?>
<!-- Generated by org.testng.reporters.JUnitReportReporter -->
<testsuite skipped="0" hostname="cal15231" name="com.Automation.Testcases.Alltestcases2" tests="1" failures="0" timestamp="28 Dec 2021 07:52:06 GMT" time="214.942" errors="0">
  <testcase name="Mappingepicroleandglobalprofileinsso" time="214.942" classname="com.Automation.Testcases.Alltestcases2"/>
</testsuite> <!-- com.Automation.Testcases.Alltestcases2 -->
