<?xml version="1.0" encoding="UTF-8"?>
<!-- Generated by org.testng.reporters.JUnitReportReporter -->
<testsuite hostname="cal4013" name="com.Automation.Testcases.CourseManagerInitiate_Topic" tests="1" failures="0" timestamp="18 May 2021 04:36:04 GMT" time="484.879" errors="0">
  <testcase name="CourseManagerInitiate_Topic" time="484.879" classname="com.Automation.Testcases.CourseManagerInitiate_Topic"/>
</testsuite> <!-- com.Automation.Testcases.CourseManagerInitiate_Topic -->
