<?xml version="1.0" encoding="UTF-8"?>
<!-- Generated by org.testng.reporters.JUnitReportReporter -->
<testsuite skipped="0" hostname="cal15231" name="com.Automation.Testcases.Prerequsitesofsce1ofconfigmoduletest" tests="1" failures="0" timestamp="10 Feb 2022 05:42:52 GMT" time="240.090" errors="0">
  <testcase name="Prerequisiofsce1ofconfigmodule" time="240.090" classname="com.Automation.Testcases.Prerequsitesofsce1ofconfigmoduletest"/>
</testsuite> <!-- com.Automation.Testcases.Prerequsitesofsce1ofconfigmoduletest -->
