<?xml version="1.0" encoding="UTF-8"?>
<!-- Generated by org.testng.reporters.JUnitReportReporter -->
<testsuite skipped="0" hostname="cal15231" name="com.Automation.Testcases.Scenariooneandtwotest" tests="2" failures="0" timestamp="03 Feb 2022 11:18:36 GMT" time="675.274" errors="0">
  <testcase name="Scenariooneofsysman" time="397.105" classname="com.Automation.Testcases.Scenariooneandtwotest"/>
  <testcase name="Scenariotwoofsysman" time="278.169" classname="com.Automation.Testcases.Scenariooneandtwotest"/>
</testsuite> <!-- com.Automation.Testcases.Scenariooneandtwotest -->
