<?xml version="1.0" encoding="UTF-8"?>
<!-- Generated by org.testng.reporters.JUnitReportReporter -->
<testsuite skipped="0" hostname="cal15231" name="com.Automation.Testcases.Modificationinepic" tests="1" failures="0" timestamp="02 Feb 2022 07:26:35 GMT" time="115.179" errors="0">
  <testcase name="Modificationinepicof" time="115.179" classname="com.Automation.Testcases.Modificationinepic"/>
</testsuite> <!-- com.Automation.Testcases.Modificationinepic -->
