<?xml version="1.0" encoding="UTF-8"?>
<!-- Generated by org.testng.reporters.JUnitReportReporter -->
<testsuite hostname="cal4013" name="com.selenium.automation.Automation_Framework.testcases.VerifyApplicationLoginFunctionality" tests="1" failures="0" timestamp="6 May 2021 06:30:36 GMT" time="31.244" errors="0">
  <testcase name="verifyApplicationLoginFunctionality" time="31.244" classname="com.selenium.automation.Automation_Framework.testcases.VerifyApplicationLoginFunctionality"/>
</testsuite> <!-- com.selenium.automation.Automation_Framework.testcases.VerifyApplicationLoginFunctionality -->
