<?xml version="1.0" encoding="UTF-8"?>
<!-- Generated by org.testng.reporters.JUnitReportReporter -->
<testsuite skipped="0" hostname="cal15231" name="com.Automation.Testcases.Epicloginoqtest" tests="1" failures="0" timestamp="27 Dec 2021 10:48:21 GMT" time="556.411" errors="0">
  <testcase name="Epicroleandglobalprofilecreation" time="556.411" classname="com.Automation.Testcases.Epicloginoqtest"/>
</testsuite> <!-- com.Automation.Testcases.Epicloginoqtest -->
