<?xml version="1.0" encoding="UTF-8"?>
<!-- Generated by org.testng.reporters.JUnitReportReporter -->
<testsuite skipped="0" hostname="cal15231" name="com.Automation.Testcases.Userproormodasstest" tests="1" failures="0" timestamp="10 Jan 2022 10:46:37 GMT" time="84.880" errors="0">
  <testcase name="ssodmsLogin" time="84.880" classname="com.Automation.Testcases.Userproormodasstest"/>
</testsuite> <!-- com.Automation.Testcases.Userproormodasstest -->
