<?xml version="1.0" encoding="UTF-8"?>
<!-- Generated by org.testng.reporters.JUnitReportReporter -->
<testsuite skipped="0" hostname="cal15231" name="com.Automation.Testcases.Plantregtest" tests="1" failures="0" timestamp="21 Dec 2021 12:15:39 GMT" time="98.092" errors="0">
  <testcase name="ssodmsLogin" time="98.092" classname="com.Automation.Testcases.Plantregtest"/>
</testsuite> <!-- com.Automation.Testcases.Plantregtest -->
