<?xml version="1.0" encoding="UTF-8"?>
<!-- Generated by org.testng.reporters.JUnitReportReporter -->
<testsuite hostname="cal4013" name="com.Automation.Testcases.JobResponsibilty_Test" tests="1" failures="0" timestamp="29 Jun 2021 11:21:16 GMT" time="24.144" errors="0">
  <testcase name="jobResponsbilityRegistration" time="24.144" classname="com.Automation.Testcases.JobResponsibilty_Test"/>
</testsuite> <!-- com.Automation.Testcases.JobResponsibilty_Test -->
