<?xml version="1.0" encoding="UTF-8"?>
<!-- Generated by org.testng.reporters.JUnitReportReporter -->
<testsuite skipped="0" hostname="cal15231" name="com.Automation.Testcases.Reportsinsystmanepictest" tests="1" failures="0" timestamp="07 Feb 2022 10:20:14 GMT" time="171.647" errors="0">
  <testcase name="Reportsinsystemmanepic" time="171.647" classname="com.Automation.Testcases.Reportsinsystmanepictest"/>
</testsuite> <!-- com.Automation.Testcases.Reportsinsystmanepictest -->
