<?xml version="1.0" encoding="UTF-8"?>
<!-- Generated by org.testng.reporters.JUnitReportReporter -->
<testsuite hostname="cal4013" name="com.Automation.Testcases.Course_Test" tests="1" failures="0" timestamp="11 Oct 2021 04:22:34 GMT" time="67.582" errors="0">
  <testcase name="CourseManagerInitiate_Course" time="67.582" classname="com.Automation.Testcases.Course_Test"/>
</testsuite> <!-- com.Automation.Testcases.Course_Test -->
