<?xml version="1.0" encoding="UTF-8"?>
<!-- Generated by org.testng.reporters.JUnitReportReporter -->
<testsuite skipped="0" hostname="cal15231" name="com.Automation.Testcases.Generictempinconfigtest" tests="1" failures="0" timestamp="15 Mar 2022 17:51:23 GMT" time="63.625" errors="0">
  <testcase name="Generictemplateinconfig" time="63.625" classname="com.Automation.Testcases.Generictempinconfigtest"/>
</testsuite> <!-- com.Automation.Testcases.Generictempinconfigtest -->
