<?xml version="1.0" encoding="UTF-8"?>
<!-- Generated by org.testng.reporters.JUnitReportReporter -->
<testsuite hostname="cal4013" name="com.Automation.Testcases.CouSessOnline_ContentDeliveryYes_TC04" tests="1" failures="0" timestamp="21 Jul 2021 07:40:45 GMT" time="29.024" errors="0">
  <testcase name="RespondDocumentReading" time="29.024" classname="com.Automation.Testcases.CouSessOnline_ContentDeliveryYes_TC04"/>
</testsuite> <!-- com.Automation.Testcases.CouSessOnline_ContentDeliveryYes_TC04 -->
