<?xml version="1.0" encoding="UTF-8"?>
<!-- Generated by org.testng.reporters.JUnitReportReporter -->
<testsuite skipped="0" hostname="cal15231" name="com.Automation.Testcases.Scenario5documentversionnumtest" tests="1" failures="0" timestamp="25 Apr 2022 06:39:46 GMT" time="3179.499" errors="0">
  <testcase name="Scenario5importflow" time="3179.499" classname="com.Automation.Testcases.Scenario5documentversionnumtest"/>
</testsuite> <!-- com.Automation.Testcases.Scenario5documentversionnumtest -->
