<?xml version="1.0" encoding="UTF-8"?>
<!-- Generated by org.testng.reporters.JUnitReportReporter -->
<testsuite skipped="0" hostname="cal15231" name="com.Automation.Testcases.SSO_UserRegistrationtest" tests="1" failures="0" timestamp="31 Dec 2021 08:10:02 GMT" time="78.224" errors="0">
  <testcase name="ssodmsLogin" time="78.224" classname="com.Automation.Testcases.SSO_UserRegistrationtest"/>
</testsuite> <!-- com.Automation.Testcases.SSO_UserRegistrationtest -->
