<?xml version="1.0" encoding="UTF-8"?>
<!-- Generated by org.testng.reporters.JUnitReportReporter -->
<testsuite hostname="cal26017" failures="0" tests="1" name="com.Automation.Testcases.WorkTransferTest" time="201.232" errors="0" timestamp="2022-12-08T17:05:39 IST" skipped="0">
  <testcase classname="com.Automation.Testcases.WorkTransferTest" name="WorkTransfer" time="201.232"/>
  <system-out/>
</testsuite> <!-- com.Automation.Testcases.WorkTransferTest -->
