<?xml version="1.0" encoding="UTF-8"?>
<!-- Generated by org.testng.reporters.JUnitReportReporter -->
<testsuite skipped="0" hostname="cal15231" name="com.Automation.Testcases.SSO_Designationtest" tests="1" failures="0" timestamp="31 Dec 2021 06:55:16 GMT" time="60.068" errors="0">
  <testcase name="ssodmsLogin" time="60.068" classname="com.Automation.Testcases.SSO_Designationtest"/>
</testsuite> <!-- com.Automation.Testcases.SSO_Designationtest -->
