<?xml version="1.0" encoding="UTF-8"?>
<!-- Generated by org.testng.reporters.JUnitReportReporter -->
<testsuite skipped="0" hostname="cal15231" name="com.Automation.Testcases.Documentversionnuberscenario1test" tests="1" failures="0" timestamp="04 Apr 2022 16:54:41 GMT" time="2487.279" errors="0">
  <testcase name="REG_RET_REIN_APR" time="2487.279" classname="com.Automation.Testcases.Documentversionnuberscenario1test"/>
</testsuite> <!-- com.Automation.Testcases.Documentversionnuberscenario1test -->
