<?xml version="1.0" encoding="UTF-8"?>
<!-- Generated by org.testng.reporters.JUnitReportReporter -->
<testsuite hostname="cal4013" name="com.Automation.Testcases.CouSessOnline_TC010_TrainingSchedule" tests="9" failures="0" timestamp="26 Jul 2021 10:05:19 GMT" time="731.020" errors="0">
  <testcase name="TrainerReg" time="88.639" classname="com.Automation.Testcases.CouSessOnline_TC010_TrainingSchedule"/>
  <testcase name="SubGroupAssignReg" time="91.501" classname="com.Automation.Testcases.CouSessOnline_TC010_TrainingSchedule"/>
  <testcase name="GroupRegistration" time="59.884" classname="com.Automation.Testcases.CouSessOnline_TC010_TrainingSchedule"/>
  <testcase name="TrainingscheduleReg" time="35.939" classname="com.Automation.Testcases.CouSessOnline_TC010_TrainingSchedule"/>
  <testcase name="Plant_Assign" time="59.301" classname="com.Automation.Testcases.CouSessOnline_TC010_TrainingSchedule"/>
  <testcase name="jobResponsbilityRegistration" time="120.339" classname="com.Automation.Testcases.CouSessOnline_TC010_TrainingSchedule"/>
  <testcase name="SubgroupRegistration" time="62.305" classname="com.Automation.Testcases.CouSessOnline_TC010_TrainingSchedule"/>
  <testcase name="CourseManagerInitiate_Topic" time="105.241" classname="com.Automation.Testcases.CouSessOnline_TC010_TrainingSchedule"/>
  <testcase name="CourseManagerInitiate_Course" time="107.871" classname="com.Automation.Testcases.CouSessOnline_TC010_TrainingSchedule"/>
</testsuite> <!-- com.Automation.Testcases.CouSessOnline_TC010_TrainingSchedule -->
