<?xml version="1.0" encoding="UTF-8"?>
<!-- Generated by org.testng.reporters.JUnitReportReporter -->
<testsuite skipped="0" hostname="cal15231" name="com.Automation.Testcases.DocumentTypeRegistration_ReinitiationAndApprovals_AlongwithAudittrails" tests="1" failures="0" timestamp="19 Apr 2022 14:58:06 GMT" time="2162.443" errors="0">
  <testcase name="REG_RET_REIN_APR" time="2162.443" classname="com.Automation.Testcases.DocumentTypeRegistration_ReinitiationAndApprovals_AlongwithAudittrails"/>
</testsuite> <!-- com.Automation.Testcases.DocumentTypeRegistration_ReinitiationAndApprovals_AlongwithAudittrails -->
