<?xml version="1.0" encoding="UTF-8"?>
<!-- Generated by org.testng.reporters.JUnitReportReporter -->
<testsuite skipped="0" hostname="cal15231" name="com.Automation.Testcases.Alltesttwo" tests="1" failures="0" timestamp="28 Dec 2021 10:35:36 GMT" time="305.818" errors="0">
  <testcase name="Epicroleandglobalprofilecreation" time="305.818" classname="com.Automation.Testcases.Alltesttwo"/>
</testsuite> <!-- com.Automation.Testcases.Alltesttwo -->
