<?xml version="1.0" encoding="UTF-8"?>
<!-- Generated by org.testng.reporters.JUnitReportReporter -->
<testsuite skipped="0" hostname="cal15231" name="com.Automation.Testcases.BasicRegistrationaandModificationflowinSystemmanagerModule" tests="4" failures="0" timestamp="24 Mar 2022 05:58:31 GMT" time="1090.773" errors="0">
  <testcase name="basicRegistrationaandModificationflowinSystemmanagermodule" time="400.604" classname="com.Automation.Testcases.BasicRegistrationaandModificationflowinSystemmanagerModule"/>
  <testcase name="Scenariotwoofsysman" time="280.931" classname="com.Automation.Testcases.BasicRegistrationaandModificationflowinSystemmanagerModule"/>
  <testcase name="Scenariothreeofsysman" time="254.778" classname="com.Automation.Testcases.BasicRegistrationaandModificationflowinSystemmanagerModule"/>
  <testcase name="Scenariofourofsysman" time="154.460" classname="com.Automation.Testcases.BasicRegistrationaandModificationflowinSystemmanagerModule"/>
</testsuite> <!-- com.Automation.Testcases.BasicRegistrationaandModificationflowinSystemmanagerModule -->
