<?xml version="1.0" encoding="UTF-8"?>
<!-- Generated by org.testng.reporters.JUnitReportReporter -->
<testsuite skipped="0" hostname="cal15231" name="com.Automation.Testcases.Configuringapprovalandesignforregistrationtest" tests="1" failures="0" timestamp="21 Feb 2022 05:24:46 GMT" time="240.437" errors="0">
  <testcase name="Configuringapprovalandesigns" time="240.437" classname="com.Automation.Testcases.Configuringapprovalandesignforregistrationtest"/>
</testsuite> <!-- com.Automation.Testcases.Configuringapprovalandesignforregistrationtest -->
