<?xml version="1.0" encoding="UTF-8"?>
<!-- Generated by org.testng.reporters.JUnitReportReporter -->
<testsuite skipped="0" hostname="cal15231" name="com.Automation.Testcases.Scenario3doucmentversionnumtest" tests="1" failures="0" timestamp="30 May 2022 06:44:20 GMT" time="85.974" errors="0">
  <testcase name="Newvesiondoctypeflow" time="85.974" classname="com.Automation.Testcases.Scenario3doucmentversionnumtest"/>
</testsuite> <!-- com.Automation.Testcases.Scenario3doucmentversionnumtest -->
