<?xml version="1.0" encoding="UTF-8"?>
<!-- Generated by org.testng.reporters.JUnitReportReporter -->
<testsuite skipped="0" hostname="DESKTOP-I9J8FTE" name="com.selenium.automation.Automation_Framework.testcases.CheckCartFunctionality" tests="1" failures="0" timestamp="2021-04-29T22:54:53 CDT" time="4.055" errors="0">
  <testcase name="checkCartFunctionality" time="4.055" classname="com.selenium.automation.Automation_Framework.testcases.CheckCartFunctionality"/>
  <system-out/>
</testsuite> <!-- com.selenium.automation.Automation_Framework.testcases.CheckCartFunctionality -->
