<?xml version="1.0" encoding="UTF-8"?>
<!-- Generated by org.testng.reporters.JUnitReportReporter -->
<testsuite skipped="0" hostname="cal15231" name="com.Automation.Testcases.SYMASALLSUBMenustest" tests="3" failures="0" timestamp="19 Jan 2022 10:22:18 GMT" time="759.746" errors="0">
  <testcase name="Systmadmisecalltabs" time="361.229" classname="com.Automation.Testcases.SYMASALLSUBMenustest"/>
  <testcase name="Modificationinepicof" time="180.537" classname="com.Automation.Testcases.SYMASALLSUBMenustest"/>
  <testcase name="Reportsinsystemmanepic" time="217.980" classname="com.Automation.Testcases.SYMASALLSUBMenustest"/>
</testsuite> <!-- com.Automation.Testcases.SYMASALLSUBMenustest -->
