<?xml version="1.0" encoding="UTF-8"?>
<!-- Generated by org.testng.reporters.JUnitReportReporter -->
<testsuite skipped="0" hostname="cal15231" name="com.Automation.Testcases.Senariooneofsystmantest" tests="1" failures="0" timestamp="31 Jan 2022 11:50:05 GMT" time="179.254" errors="0">
  <testcase name="Scenariooneofsysman" time="179.254" classname="com.Automation.Testcases.Senariooneofsystmantest"/>
</testsuite> <!-- com.Automation.Testcases.Senariooneofsystmantest -->
