<?xml version="1.0" encoding="UTF-8"?>
<!-- Generated by org.testng.reporters.JUnitReportReporter -->
<testsuite skipped="0" hostname="cal15231" name="com.Automation.Testcases.Scenario2ofdocumentrunningnumtest" tests="1" failures="0" timestamp="04 May 2022 18:51:39 GMT" time="1189.631" errors="0">
  <testcase name="Newvesiondoctypeflow" time="1189.631" classname="com.Automation.Testcases.Scenario2ofdocumentrunningnumtest"/>
</testsuite> <!-- com.Automation.Testcases.Scenario2ofdocumentrunningnumtest -->
