<?xml version="1.0" encoding="UTF-8"?>
<!-- Generated by org.testng.reporters.JUnitReportReporter -->
<testsuite skipped="0" hostname="cal15231" name="com.Automation.Testcases.PDFtablegeneratortest" tests="1" failures="0" timestamp="03 Mar 2022 13:43:07 GMT" time="189.475" errors="0">
  <testcase name="PDFtablegeneratorinconfig" time="189.475" classname="com.Automation.Testcases.PDFtablegeneratortest"/>
</testsuite> <!-- com.Automation.Testcases.PDFtablegeneratortest -->
