<?xml version="1.0" encoding="UTF-8"?>
<!-- Generated by org.testng.reporters.JUnitReportReporter -->
<testsuite skipped="0" hostname="cal15231" name="com.Automation.Testcases.SSO_DMS_Globalprofiletest" tests="1" failures="0" timestamp="21 Dec 2021 05:52:32 GMT" time="58.251" errors="0">
  <testcase name="ssodmsLogin" time="58.251" classname="com.Automation.Testcases.SSO_DMS_Globalprofiletest"/>
</testsuite> <!-- com.Automation.Testcases.SSO_DMS_Globalprofiletest -->
