<?xml version="1.0" encoding="UTF-8"?>
<!-- Generated by org.testng.reporters.JUnitReportReporter -->
<testsuite skipped="0" hostname="cal15231" name="com.Automation.Testcases.Scenario2ofextensionofreviewdatetest" tests="1" failures="0" timestamp="26 May 2022 15:04:06 GMT" time="1365.646" errors="0">
  <testcase name="Newvesiondoctypeflow" time="1365.646" classname="com.Automation.Testcases.Scenario2ofextensionofreviewdatetest"/>
</testsuite> <!-- com.Automation.Testcases.Scenario2ofextensionofreviewdatetest -->
