<?xml version="1.0" encoding="UTF-8"?>
<!-- Generated by org.testng.reporters.JUnitReportReporter -->
<testsuite hostname="cal4013" name="com.Automation.Testcases.CouSessOnline_Exam_FB_TC01" tests="1" failures="0" timestamp="21 Jul 2021 13:22:40 GMT" time="47.551" errors="0">
  <testcase name="RespondMQA" time="47.551" classname="com.Automation.Testcases.CouSessOnline_Exam_FB_TC01"/>
</testsuite> <!-- com.Automation.Testcases.CouSessOnline_Exam_FB_TC01 -->
