<?xml version="1.0" encoding="UTF-8"?>
<!-- Generated by org.testng.reporters.JUnitReportReporter -->
<testsuite skipped="0" hostname="cal15231" name="com.Automation.Testcases.Mappingofepicroleandglobalprofileinsso" tests="1" failures="0" timestamp="19 Jan 2022 10:22:18 GMT" time="250.514" errors="0">
  <testcase name="Mappingepicroleandglobalprofileinsso" time="250.514" classname="com.Automation.Testcases.Mappingofepicroleandglobalprofileinsso"/>
</testsuite> <!-- com.Automation.Testcases.Mappingofepicroleandglobalprofileinsso -->
