<?xml version="1.0" encoding="UTF-8"?>
<!-- Generated by org.testng.reporters.JUnitReportReporter -->
<testsuite skipped="0" hostname="cal15231" name="com.Automation.Testcases.BrowserLaunchAndNavigatingtoApplicationURLProcessofDocumentVersionNumPBItest" tests="4" failures="0" timestamp="20 Apr 2022 21:47:07 GMT" time="8946.331" errors="0">
  <testcase name="REG_RET_REIN_APR" time="2772.676" classname="com.Automation.Testcases.BrowserLaunchAndNavigatingtoApplicationURLProcessofDocumentVersionNumPBItest"/>
  <testcase name="REG_RET_REIN_APR_Modification" time="2551.717" classname="com.Automation.Testcases.BrowserLaunchAndNavigatingtoApplicationURLProcessofDocumentVersionNumPBItest"/>
  <testcase name="Newvesiondoctypeflow" time="1517.453" classname="com.Automation.Testcases.BrowserLaunchAndNavigatingtoApplicationURLProcessofDocumentVersionNumPBItest"/>
  <testcase name="Newvesiondoctypeflowmodification" time="2104.485" classname="com.Automation.Testcases.BrowserLaunchAndNavigatingtoApplicationURLProcessofDocumentVersionNumPBItest"/>
</testsuite> <!-- com.Automation.Testcases.BrowserLaunchAndNavigatingtoApplicationURLProcessofDocumentVersionNumPBItest -->
