<?xml version="1.0" encoding="UTF-8"?>
<!-- Generated by org.testng.reporters.JUnitReportReporter -->
<testsuite skipped="0" hostname="cal15231" name="com.Automation.Testcases.Scenario1and3" tests="3" failures="0" timestamp="04 Feb 2022 12:46:31 GMT" time="933.854" errors="0">
  <testcase name="Scenariooneofsysman" time="459.390" classname="com.Automation.Testcases.Scenario1and3"/>
  <testcase name="Scenariothreeofsysman" time="255.771" classname="com.Automation.Testcases.Scenario1and3"/>
  <testcase name="Scenariofourofsysman" time="218.693" classname="com.Automation.Testcases.Scenario1and3"/>
</testsuite> <!-- com.Automation.Testcases.Scenario1and3 -->
