<?xml version="1.0" encoding="UTF-8"?>
<!-- Generated by org.testng.reporters.JUnitReportReporter -->
<testsuite hostname="cal4013" name="com.Automation.Testcases.CourseSessOnline_TC08_SelfNominateUserSession" tests="9" failures="0" timestamp="23 Jul 2021 12:07:21 GMT" time="716.163" errors="0">
  <testcase name="CourseManagerInitiate_Course" time="106.512" classname="com.Automation.Testcases.CourseSessOnline_TC08_SelfNominateUserSession"/>
  <testcase name="PrepareMQA" time="98.874" classname="com.Automation.Testcases.CourseSessOnline_TC08_SelfNominateUserSession"/>
  <testcase name="Self_Nomination" time="38.195" classname="com.Automation.Testcases.CourseSessOnline_TC08_SelfNominateUserSession"/>
  <testcase name="RecordAttendanceReg" time="39.557" classname="com.Automation.Testcases.CourseSessOnline_TC08_SelfNominateUserSession"/>
  <testcase name="TrainerReg" time="87.764" classname="com.Automation.Testcases.CourseSessOnline_TC08_SelfNominateUserSession"/>
  <testcase name="BatchFormation" time="46.103" classname="com.Automation.Testcases.CourseSessOnline_TC08_SelfNominateUserSession"/>
  <testcase name="PrepareQp_Manual" time="42.830" classname="com.Automation.Testcases.CourseSessOnline_TC08_SelfNominateUserSession"/>
  <testcase name="CourseManagerInitiate_Topic" time="106.577" classname="com.Automation.Testcases.CourseSessOnline_TC08_SelfNominateUserSession"/>
  <testcase name="CourseSessiononlineInternalClassAllcombinations_Yes" time="149.751" classname="com.Automation.Testcases.CourseSessOnline_TC08_SelfNominateUserSession"/>
</testsuite> <!-- com.Automation.Testcases.CourseSessOnline_TC08_SelfNominateUserSession -->
