<?xml version="1.0" encoding="UTF-8"?>
<!-- Generated by org.testng.reporters.JUnitReportReporter -->
<testsuite skipped="0" hostname="cal15231" name="com.Automation.Testcases.Plantproductormoduletest" tests="1" failures="0" timestamp="21 Dec 2021 12:17:31 GMT" time="66.050" errors="0">
  <testcase name="ssodmsLogin" time="66.050" classname="com.Automation.Testcases.Plantproductormoduletest"/>
</testsuite> <!-- com.Automation.Testcases.Plantproductormoduletest -->
