<?xml version="1.0" encoding="UTF-8"?>
<!-- Generated by org.testng.reporters.JUnitReportReporter -->
<testsuite skipped="0" hostname="cal15231" name="com.Automation.Testcases.Scenario1ofextensionofreviewdatetest" tests="1" failures="0" timestamp="24 May 2022 17:38:19 GMT" time="458.339" errors="0">
  <testcase name="Newvesiondoctypeflow" time="458.339" classname="com.Automation.Testcases.Scenario1ofextensionofreviewdatetest"/>
</testsuite> <!-- com.Automation.Testcases.Scenario1ofextensionofreviewdatetest -->
