<?xml version="1.0" encoding="UTF-8"?>
<!-- Generated by org.testng.reporters.JUnitReportReporter -->
<testsuite hostname="cal4013" name="com.Automation.Testcases.CouSessOnline_Exam_UserSkipAbsent_TC06" tests="9" failures="0" timestamp="22 Jul 2021 11:07:44 GMT" time="717.746" errors="0">
  <testcase name="RecordAttendanceReg" time="36.298" classname="com.Automation.Testcases.CouSessOnline_Exam_UserSkipAbsent_TC06"/>
  <testcase name="CourseSessiononlineInternalClassAllcombinations_Yes" time="21.463" classname="com.Automation.Testcases.CouSessOnline_Exam_UserSkipAbsent_TC06"/>
  <testcase name="TrainerReg" time="88.123" classname="com.Automation.Testcases.CouSessOnline_Exam_UserSkipAbsent_TC06"/>
  <testcase name="CourseSessiononlineInternalClassAllcombinations_Yes" time="145.990" classname="com.Automation.Testcases.CouSessOnline_Exam_UserSkipAbsent_TC06"/>
  <testcase name="CourseManagerInitiate_Topic" time="120.460" classname="com.Automation.Testcases.CouSessOnline_Exam_UserSkipAbsent_TC06"/>
  <testcase name="BatchFormation" time="58.318" classname="com.Automation.Testcases.CouSessOnline_Exam_UserSkipAbsent_TC06"/>
  <testcase name="CourseManagerInitiate_Course" time="106.968" classname="com.Automation.Testcases.CouSessOnline_Exam_UserSkipAbsent_TC06"/>
  <testcase name="PrepareQp_Manual" time="42.808" classname="com.Automation.Testcases.CouSessOnline_Exam_UserSkipAbsent_TC06"/>
  <testcase name="PrepareQBQ2" time="97.318" classname="com.Automation.Testcases.CouSessOnline_Exam_UserSkipAbsent_TC06"/>
</testsuite> <!-- com.Automation.Testcases.CouSessOnline_Exam_UserSkipAbsent_TC06 -->
