<?xml version="1.0" encoding="UTF-8"?>
<!-- Generated by org.testng.reporters.JUnitReportReporter -->
<testsuite skipped="0" hostname="cal15231" name="com.Automation.Testcases.Scenario6docuementversionnumtest" tests="1" failures="0" timestamp="25 Apr 2022 04:37:13 GMT" time="1043.314" errors="0">
  <testcase name="Scenario6massuploadimportflow" time="1043.314" classname="com.Automation.Testcases.Scenario6docuementversionnumtest"/>
</testsuite> <!-- com.Automation.Testcases.Scenario6docuementversionnumtest -->
