<?xml version="1.0" encoding="UTF-8"?>
<!-- Generated by org.testng.reporters.JUnitReportReporter -->
<testsuite skipped="0" hostname="cal15231" name="com.Automation.Testcases.DocumentTypeModificationInitiation_Return_ReInitiation_Approved_AlongWithAudittrails" tests="1" failures="0" timestamp="05 Apr 2022 17:47:29 GMT" time="2208.503" errors="0">
  <testcase name="REG_RET_REIN_APR_Modification" time="2208.503" classname="com.Automation.Testcases.DocumentTypeModificationInitiation_Return_ReInitiation_Approved_AlongWithAudittrails"/>
</testsuite> <!-- com.Automation.Testcases.DocumentTypeModificationInitiation_Return_ReInitiation_Approved_AlongWithAudittrails -->
